Determining if the pthread_create exist failed with the following output:
Change Dir: /home/shaun_hampson/Personal_ws/src/Battleship_robot_dev/battleship_robot_pkg/build/catkin_tools_prebuild/CMakeFiles/CMakeTmp

Run Build Command:"/usr/bin/make" "cmTC_e5e76/fast"
/usr/bin/make -f CMakeFiles/cmTC_e5e76.dir/build.make CMakeFiles/cmTC_e5e76.dir/build
make[1]: Entering directory '/home/shaun_hampson/Personal_ws/src/Battleship_robot_dev/battleship_robot_pkg/build/catkin_tools_prebuild/CMakeFiles/CMakeTmp'
Building C object CMakeFiles/cmTC_e5e76.dir/CheckSymbolExists.c.o
/usr/bin/cc    -o CMakeFiles/cmTC_e5e76.dir/CheckSymbolExists.c.o   -c /home/shaun_hampson/Personal_ws/src/Battleship_robot_dev/battleship_robot_pkg/build/catkin_tools_prebuild/CMakeFiles/CMakeTmp/CheckSymbolExists.c
Linking C executable cmTC_e5e76
/usr/bin/cmake -E cmake_link_script CMakeFiles/cmTC_e5e76.dir/link.txt --verbose=1
/usr/bin/cc      -rdynamic CMakeFiles/cmTC_e5e76.dir/CheckSymbolExists.c.o  -o cmTC_e5e76 
CMakeFiles/cmTC_e5e76.dir/CheckSymbolExists.c.o: In function `main':
CheckSymbolExists.c:(.text+0x1b): undefined reference to `pthread_create'
collect2: error: ld returned 1 exit status
CMakeFiles/cmTC_e5e76.dir/build.make:97: recipe for target 'cmTC_e5e76' failed
make[1]: *** [cmTC_e5e76] Error 1
make[1]: Leaving directory '/home/shaun_hampson/Personal_ws/src/Battleship_robot_dev/battleship_robot_pkg/build/catkin_tools_prebuild/CMakeFiles/CMakeTmp'
Makefile:126: recipe for target 'cmTC_e5e76/fast' failed
make: *** [cmTC_e5e76/fast] Error 2

File /home/shaun_hampson/Personal_ws/src/Battleship_robot_dev/battleship_robot_pkg/build/catkin_tools_prebuild/CMakeFiles/CMakeTmp/CheckSymbolExists.c:
/* */
#include <pthread.h>

int main(int argc, char** argv)
{
  (void)argv;
#ifndef pthread_create
  return ((int*)(&pthread_create))[argc];
#else
  (void)argc;
  return 0;
#endif
}

Determining if the function pthread_create exists in the pthreads failed with the following output:
Change Dir: /home/shaun_hampson/Personal_ws/src/Battleship_robot_dev/battleship_robot_pkg/build/catkin_tools_prebuild/CMakeFiles/CMakeTmp

Run Build Command:"/usr/bin/make" "cmTC_e93cf/fast"
/usr/bin/make -f CMakeFiles/cmTC_e93cf.dir/build.make CMakeFiles/cmTC_e93cf.dir/build
make[1]: Entering directory '/home/shaun_hampson/Personal_ws/src/Battleship_robot_dev/battleship_robot_pkg/build/catkin_tools_prebuild/CMakeFiles/CMakeTmp'
Building C object CMakeFiles/cmTC_e93cf.dir/CheckFunctionExists.c.o
/usr/bin/cc   -DCHECK_FUNCTION_EXISTS=pthread_create   -o CMakeFiles/cmTC_e93cf.dir/CheckFunctionExists.c.o   -c /usr/share/cmake-3.10/Modules/CheckFunctionExists.c
Linking C executable cmTC_e93cf
/usr/bin/cmake -E cmake_link_script CMakeFiles/cmTC_e93cf.dir/link.txt --verbose=1
/usr/bin/cc  -DCHECK_FUNCTION_EXISTS=pthread_create    -rdynamic CMakeFiles/cmTC_e93cf.dir/CheckFunctionExists.c.o  -o cmTC_e93cf -lpthreads 
/usr/bin/ld: cannot find -lpthreads
collect2: error: ld returned 1 exit status
CMakeFiles/cmTC_e93cf.dir/build.make:97: recipe for target 'cmTC_e93cf' failed
make[1]: *** [cmTC_e93cf] Error 1
make[1]: Leaving directory '/home/shaun_hampson/Personal_ws/src/Battleship_robot_dev/battleship_robot_pkg/build/catkin_tools_prebuild/CMakeFiles/CMakeTmp'
Makefile:126: recipe for target 'cmTC_e93cf/fast' failed
make: *** [cmTC_e93cf/fast] Error 2


